#
# There is insufficient memory for the Java Runtime Environment to continue.
# Native memory allocation (malloc) failed to allocate 1794576 bytes for Chunk::new
# Possible reasons:
#   The system is out of physical RAM or swap space
#   In 32 bit mode, the process size limit was hit
# Possible solutions:
#   Reduce memory load on the system
#   Increase physical memory or swap space
#   Check if swap backing store is full
#   Use 64 bit Java on a 64 bit OS
#   Decrease Java heap size (-Xmx/-Xms)
#   Decrease number of Java threads
#   Decrease Java thread stack sizes (-Xss)
#   Set larger code cache with -XX:ReservedCodeCacheSize=
# This output file may be truncated or incomplete.
#
#  Out of Memory Error (allocation.cpp:390), pid=18072, tid=9904
#
# JRE version: Java(TM) SE Runtime Environment (8.0_31-b13) (build 1.8.0_31-b13)
# Java VM: Java HotSpot(TM) 64-Bit Server VM (25.31-b07 mixed mode windows-amd64 compressed oops)
# Failed to write core dump. Minidumps are not enabled by default on client versions of Windows
#

---------------  T H R E A D  ---------------

Current thread (0x0000000019ca7800):  JavaThread "C2 CompilerThread0" daemon [_thread_in_native, id=9904, stack(0x000000001a280000,0x000000001a380000)]

Stack: [0x000000001a280000,0x000000001a380000]
Native frames: (J=compiled Java code, j=interpreted, Vv=VM code, C=native code)
V  [jvm.dll+0x3169ba]
V  [jvm.dll+0x2674c3]
V  [jvm.dll+0x268103]
V  [jvm.dll+0x25f8f5]
V  [jvm.dll+0xbf025]
V  [jvm.dll+0xbf4cc]
V  [jvm.dll+0x45df82]
V  [jvm.dll+0x49f21f]
V  [jvm.dll+0x453401]
V  [jvm.dll+0x454124]
V  [jvm.dll+0x437c62]
V  [jvm.dll+0x988e2]
V  [jvm.dll+0x990d3]
V  [jvm.dll+0x22c194]
V  [jvm.dll+0x28576a]
C  [msvcr100.dll+0x21d9f]
C  [msvcr100.dll+0x21e3b]
C  [KERNEL32.DLL+0x13034]
C  [ntdll.dll+0x71471]


Current CompileTask:
C2:   2269 2230   !   4       org.codehaus.plexus.interpolation.StringSearchInterpolator::interpolate (665 bytes)


---------------  P R O C E S S  ---------------

Java Threads: ( => current thread )
  0x0000000019d4a800 JavaThread "Service Thread" daemon [_thread_blocked, id=18640, stack(0x000000001a680000,0x000000001a780000)]
  0x0000000019cb7800 JavaThread "C1 CompilerThread3" daemon [_thread_in_native, id=12328, stack(0x000000001a580000,0x000000001a680000)]
  0x0000000019cb2000 JavaThread "C2 CompilerThread2" daemon [_thread_blocked, id=16676, stack(0x000000001a480000,0x000000001a580000)]
  0x0000000019cac800 JavaThread "C2 CompilerThread1" daemon [_thread_in_native, id=19980, stack(0x000000001a380000,0x000000001a480000)]
=>0x0000000019ca7800 JavaThread "C2 CompilerThread0" daemon [_thread_in_native, id=9904, stack(0x000000001a280000,0x000000001a380000)]
  0x0000000019ca6000 JavaThread "Attach Listener" daemon [_thread_blocked, id=2876, stack(0x000000001a180000,0x000000001a280000)]
  0x0000000019ca5000 JavaThread "Signal Dispatcher" daemon [_thread_blocked, id=19496, stack(0x000000001a080000,0x000000001a180000)]
  0x0000000002cf8800 JavaThread "Finalizer" daemon [_thread_blocked, id=17564, stack(0x0000000019b80000,0x0000000019c80000)]
  0x0000000017c9b800 JavaThread "Reference Handler" daemon [_thread_blocked, id=15832, stack(0x0000000019a80000,0x0000000019b80000)]
  0x0000000002c02800 JavaThread "main" [_thread_in_Java, id=19120, stack(0x0000000002b00000,0x0000000002c00000)]

Other Threads:
  0x0000000017c97800 VMThread [stack: 0x0000000019980000,0x0000000019a80000] [id=14388]
  0x0000000019d4b000 WatcherThread [stack: 0x000000001a780000,0x000000001a880000] [id=12528]

VM state:not at safepoint (normal execution)

VM Mutex/Monitor currently owned by a thread: None

Heap:
 PSYoungGen      total 71680K, used 36800K [0x00000000d5d80000, 0x00000000da880000, 0x0000000100000000)
  eden space 66560K, 47% used [0x00000000d5d80000,0x00000000d7c74288,0x00000000d9e80000)
  from space 5120K, 99% used [0x00000000da380000,0x00000000da87c010,0x00000000da880000)
  to   space 5120K, 0% used [0x00000000d9e80000,0x00000000d9e80000,0x00000000da380000)
 ParOldGen       total 87552K, used 4342K [0x0000000081800000, 0x0000000086d80000, 0x00000000d5d80000)
  object space 87552K, 4% used [0x0000000081800000,0x0000000081c3d868,0x0000000086d80000)
 Metaspace       used 13227K, capacity 13532K, committed 13696K, reserved 1060864K
  class space    used 1558K, capacity 1628K, committed 1664K, reserved 1048576K

Card table byte_map: [0x00000000120c0000,0x00000000124c0000] byte_map_base: 0x0000000011cb4000

Marking Bits: (ParMarkBitMap*) 0x000000005c13d4f0
 Begin Bits: [0x0000000012f70000, 0x0000000014f10000)
 End Bits:   [0x0000000014f10000, 0x0000000016eb0000)

Polling page: 0x0000000000df0000

CodeCache: size=245760Kb used=8414Kb max_used=8414Kb free=237345Kb
 bounds [0x0000000002d00000, 0x0000000003550000, 0x0000000011d00000]
 total_blobs=2830 nmethods=2514 adapters=229
 compilation: enabled

Compilation events (10 events):
Event: 2.194 Thread 0x0000000019cb7800 2435       3       org.apache.maven.model.Model::setCiManagement (6 bytes)
Event: 2.194 Thread 0x0000000019cb7800 nmethod 2435 0x00000000034fca10 code [0x00000000034fcb60, 0x00000000034fccd0]
Event: 2.201 Thread 0x0000000019cac800 2436   !   4       sun.nio.cs.ISO_8859_1$Decoder::decodeArrayLoop (263 bytes)
Event: 2.201 Thread 0x0000000019cb7800 2437       3       org.apache.maven.model.ModelBase::setDistributionManagement (6 bytes)
Event: 2.201 Thread 0x0000000019cb7800 nmethod 2437 0x00000000034fc6d0 code [0x00000000034fc820, 0x00000000034fc990]
Event: 2.202 Thread 0x0000000019cb7800 2438       3       org.apache.maven.model.management.DefaultPluginManagementInjector$ManagementModelMerger::mergePlugin_Executions (208 bytes)
Event: 2.204 Thread 0x0000000019cb7800 nmethod 2438 0x0000000003502a90 code [0x0000000003502ea0, 0x00000000035052f8]
Event: 2.205 Thread 0x0000000019cb7800 2440   !   3       org.sonatype.aether.impl.internal.DefaultArtifactResolver::resolveArtifacts (129 bytes)
Event: 2.206 Thread 0x0000000019cb7800 nmethod 2440 0x00000000035067d0 code [0x0000000003506a60, 0x0000000003507b18]
Event: 2.206 Thread 0x0000000019cb7800 2441       3       org.sonatype.aether.impl.internal.DefaultSyncContextFactory::newInstance (8 bytes)

GC Heap History (8 events):
Event: 0.687 GC heap before
{Heap before GC invocations=1 (full 0):
 PSYoungGen      total 38400K, used 33280K [0x00000000d5d80000, 0x00000000d8800000, 0x0000000100000000)
  eden space 33280K, 100% used [0x00000000d5d80000,0x00000000d7e00000,0x00000000d7e00000)
  from space 5120K, 0% used [0x00000000d8300000,0x00000000d8300000,0x00000000d8800000)
  to   space 5120K, 0% used [0x00000000d7e00000,0x00000000d7e00000,0x00000000d8300000)
 ParOldGen       total 87552K, used 0K [0x0000000081800000, 0x0000000086d80000, 0x00000000d5d80000)
  object space 87552K, 0% used [0x0000000081800000,0x0000000081800000,0x0000000086d80000)
 Metaspace       used 7711K, capacity 7912K, committed 7936K, reserved 1056768K
  class space    used 964K, capacity 1022K, committed 1024K, reserved 1048576K
Event: 0.693 GC heap after
Heap after GC invocations=1 (full 0):
 PSYoungGen      total 38400K, used 4639K [0x00000000d5d80000, 0x00000000d8800000, 0x0000000100000000)
  eden space 33280K, 0% used [0x00000000d5d80000,0x00000000d5d80000,0x00000000d7e00000)
  from space 5120K, 90% used [0x00000000d7e00000,0x00000000d8287dc0,0x00000000d8300000)
  to   space 5120K, 0% used [0x00000000d8300000,0x00000000d8300000,0x00000000d8800000)
 ParOldGen       total 87552K, used 16K [0x0000000081800000, 0x0000000086d80000, 0x00000000d5d80000)
  object space 87552K, 0% used [0x0000000081800000,0x0000000081804000,0x0000000086d80000)
 Metaspace       used 7711K, capacity 7912K, committed 7936K, reserved 1056768K
  class space    used 964K, capacity 1022K, committed 1024K, reserved 1048576K
}
Event: 1.165 GC heap before
{Heap before GC invocations=2 (full 0):
 PSYoungGen      total 38400K, used 37919K [0x00000000d5d80000, 0x00000000d8800000, 0x0000000100000000)
  eden space 33280K, 100% used [0x00000000d5d80000,0x00000000d7e00000,0x00000000d7e00000)
  from space 5120K, 90% used [0x00000000d7e00000,0x00000000d8287dc0,0x00000000d8300000)
  to   space 5120K, 0% used [0x00000000d8300000,0x00000000d8300000,0x00000000d8800000)
 ParOldGen       total 87552K, used 16K [0x0000000081800000, 0x0000000086d80000, 0x00000000d5d80000)
  object space 87552K, 0% used [0x0000000081800000,0x0000000081804000,0x0000000086d80000)
 Metaspace       used 12075K, capacity 12308K, committed 12672K, reserved 1060864K
  class space    used 1485K, capacity 1548K, committed 1664K, reserved 1048576K
Event: 1.172 GC heap after
Heap after GC invocations=2 (full 0):
 PSYoungGen      total 38400K, used 5097K [0x00000000d5d80000, 0x00000000da880000, 0x0000000100000000)
  eden space 33280K, 0% used [0x00000000d5d80000,0x00000000d5d80000,0x00000000d7e00000)
  from space 5120K, 99% used [0x00000000d8300000,0x00000000d87fa520,0x00000000d8800000)
  to   space 5120K, 0% used [0x00000000d7e00000,0x00000000d7e00000,0x00000000d8300000)
 ParOldGen       total 87552K, used 1819K [0x0000000081800000, 0x0000000086d80000, 0x00000000d5d80000)
  object space 87552K, 2% used [0x0000000081800000,0x00000000819c6d68,0x0000000086d80000)
 Metaspace       used 12075K, capacity 12308K, committed 12672K, reserved 1060864K
  class space    used 1485K, capacity 1548K, committed 1664K, reserved 1048576K
}
Event: 1.557 GC heap before
{Heap before GC invocations=3 (full 0):
 PSYoungGen      total 38400K, used 38377K [0x00000000d5d80000, 0x00000000da880000, 0x0000000100000000)
  eden space 33280K, 100% used [0x00000000d5d80000,0x00000000d7e00000,0x00000000d7e00000)
  from space 5120K, 99% used [0x00000000d8300000,0x00000000d87fa520,0x00000000d8800000)
  to   space 5120K, 0% used [0x00000000d7e00000,0x00000000d7e00000,0x00000000d8300000)
 ParOldGen       total 87552K, used 1819K [0x0000000081800000, 0x0000000086d80000, 0x00000000d5d80000)
  object space 87552K, 2% used [0x0000000081800000,0x00000000819c6d68,0x0000000086d80000)
 Metaspace       used 12642K, capacity 12946K, committed 13184K, reserved 1060864K
  class space    used 1533K, capacity 1585K, committed 1664K, reserved 1048576K
Event: 1.565 GC heap after
Heap after GC invocations=3 (full 0):
 PSYoungGen      total 38400K, used 5120K [0x00000000d5d80000, 0x00000000da880000, 0x0000000100000000)
  eden space 33280K, 0% used [0x00000000d5d80000,0x00000000d5d80000,0x00000000d7e00000)
  from space 5120K, 100% used [0x00000000d7e00000,0x00000000d8300000,0x00000000d8300000)
  to   space 5120K, 0% used [0x00000000da380000,0x00000000da380000,0x00000000da880000)
 ParOldGen       total 87552K, used 2982K [0x0000000081800000, 0x0000000086d80000, 0x00000000d5d80000)
  object space 87552K, 3% used [0x0000000081800000,0x0000000081ae9868,0x0000000086d80000)
 Metaspace       used 12642K, capacity 12946K, committed 13184K, reserved 1060864K
  class space    used 1533K, capacity 1585K, committed 1664K, reserved 1048576K
}
Event: 1.918 GC heap before
{Heap before GC invocations=4 (full 0):
 PSYoungGen      total 38400K, used 38400K [0x00000000d5d80000, 0x00000000da880000, 0x0000000100000000)
  eden space 33280K, 100% used [0x00000000d5d80000,0x00000000d7e00000,0x00000000d7e00000)
  from space 5120K, 100% used [0x00000000d7e00000,0x00000000d8300000,0x00000000d8300000)
  to   space 5120K, 0% used [0x00000000da380000,0x00000000da380000,0x00000000da880000)
 ParOldGen       total 87552K, used 2982K [0x0000000081800000, 0x0000000086d80000, 0x00000000d5d80000)
  object space 87552K, 3% used [0x0000000081800000,0x0000000081ae9868,0x0000000086d80000)
 Metaspace       used 12927K, capacity 13208K, committed 13440K, reserved 1060864K
  class space    used 1536K, capacity 1586K, committed 1664K, reserved 1048576K
Event: 1.923 GC heap after
Heap after GC invocations=4 (full 0):
 PSYoungGen      total 71680K, used 5104K [0x00000000d5d80000, 0x00000000da880000, 0x0000000100000000)
  eden space 66560K, 0% used [0x00000000d5d80000,0x00000000d5d80000,0x00000000d9e80000)
  from space 5120K, 99% used [0x00000000da380000,0x00000000da87c010,0x00000000da880000)
  to   space 5120K, 0% used [0x00000000d9e80000,0x00000000d9e80000,0x00000000da380000)
 ParOldGen       total 87552K, used 4342K [0x0000000081800000, 0x0000000086d80000, 0x00000000d5d80000)
  object space 87552K, 4% used [0x0000000081800000,0x0000000081c3d868,0x0000000086d80000)
 Metaspace       used 12927K, capacity 13208K, committed 13440K, reserved 1060864K
  class space    used 1536K, capacity 1586K, committed 1664K, reserved 1048576K
}

Deoptimization events (10 events):
Event: 1.480 Thread 0x0000000002c02800 Uncommon trap: reason=class_check action=maybe_recompile pc=0x0000000003079994 method=java.util.HashMap.putVal(ILjava/lang/Object;Ljava/lang/Object;ZZ)Ljava/lang/Object; @ 203
Event: 1.502 Thread 0x0000000002c02800 Uncommon trap: reason=bimorphic action=maybe_recompile pc=0x00000000032ecff8 method=java.util.regex.Pattern$Curly.match0(Ljava/util/regex/Matcher;IILjava/lang/CharSequence;)Z @ 170
Event: 1.502 Thread 0x0000000002c02800 Uncommon trap: reason=bimorphic action=maybe_recompile pc=0x00000000032ecff8 method=java.util.regex.Pattern$Curly.match0(Ljava/util/regex/Matcher;IILjava/lang/CharSequence;)Z @ 170
Event: 1.503 Thread 0x0000000002c02800 Uncommon trap: reason=bimorphic action=maybe_recompile pc=0x00000000032ecff8 method=java.util.regex.Pattern$Curly.match0(Ljava/util/regex/Matcher;IILjava/lang/CharSequence;)Z @ 170
Event: 1.503 Thread 0x0000000002c02800 Uncommon trap: reason=bimorphic action=maybe_recompile pc=0x00000000032ecff8 method=java.util.regex.Pattern$Curly.match0(Ljava/util/regex/Matcher;IILjava/lang/CharSequence;)Z @ 170
Event: 1.568 Thread 0x0000000002c02800 Uncommon trap: reason=unreached action=reinterpret pc=0x00000000032abd9c method=java.lang.ref.ReferenceQueue.poll()Ljava/lang/ref/Reference; @ 4
Event: 1.665 Thread 0x0000000002c02800 Uncommon trap: reason=bimorphic action=maybe_recompile pc=0x0000000003173ad4 method=java.util.concurrent.ConcurrentHashMap.get(Ljava/lang/Object;)Ljava/lang/Object; @ 149
Event: 1.686 Thread 0x0000000002c02800 Uncommon trap: reason=bimorphic action=maybe_recompile pc=0x0000000003173ad4 method=java.util.concurrent.ConcurrentHashMap.get(Ljava/lang/Object;)Ljava/lang/Object; @ 149
Event: 1.690 Thread 0x0000000002c02800 Uncommon trap: reason=bimorphic action=maybe_recompile pc=0x0000000003173ad4 method=java.util.concurrent.ConcurrentHashMap.get(Ljava/lang/Object;)Ljava/lang/Object; @ 149
Event: 1.697 Thread 0x0000000002c02800 Uncommon trap: reason=bimorphic action=maybe_recompile pc=0x0000000003173ad4 method=java.util.concurrent.ConcurrentHashMap.get(Ljava/lang/Object;)Ljava/lang/Object; @ 149

Internal exceptions (10 events):
Event: 1.478 Thread 0x0000000002c02800 Exception <a 'java/security/PrivilegedActionException'> (0x00000000d7800b00) thrown at [C:\workspace\8-2-build-windows-amd64-cygwin\jdk8u31\2394\hotspot\src\share\vm\prims\jvm.cpp, line 1312]
Event: 1.478 Thread 0x0000000002c02800 Exception <a 'java/security/PrivilegedActionException'> (0x00000000d7801430) thrown at [C:\workspace\8-2-build-windows-amd64-cygwin\jdk8u31\2394\hotspot\src\share\vm\prims\jvm.cpp, line 1312]
Event: 1.478 Thread 0x0000000002c02800 Exception <a 'java/security/PrivilegedActionException'> (0x00000000d7805cc8) thrown at [C:\workspace\8-2-build-windows-amd64-cygwin\jdk8u31\2394\hotspot\src\share\vm\prims\jvm.cpp, line 1312]
Event: 1.478 Thread 0x0000000002c02800 Exception <a 'java/security/PrivilegedActionException'> (0x00000000d7806638) thrown at [C:\workspace\8-2-build-windows-amd64-cygwin\jdk8u31\2394\hotspot\src\share\vm\prims\jvm.cpp, line 1312]
Event: 1.623 Thread 0x0000000002c02800 Exception <a 'java/security/PrivilegedActionException'> (0x00000000d62a0480) thrown at [C:\workspace\8-2-build-windows-amd64-cygwin\jdk8u31\2394\hotspot\src\share\vm\prims\jvm.cpp, line 1312]
Event: 1.623 Thread 0x0000000002c02800 Exception <a 'java/security/PrivilegedActionException'> (0x00000000d62a0dd0) thrown at [C:\workspace\8-2-build-windows-amd64-cygwin\jdk8u31\2394\hotspot\src\share\vm\prims\jvm.cpp, line 1312]
Event: 1.855 Thread 0x0000000002c02800 Exception <a 'java/security/PrivilegedActionException'> (0x00000000d78a11a0) thrown at [C:\workspace\8-2-build-windows-amd64-cygwin\jdk8u31\2394\hotspot\src\share\vm\prims\jvm.cpp, line 1312]
Event: 1.855 Thread 0x0000000002c02800 Exception <a 'java/security/PrivilegedActionException'> (0x00000000d78a1b20) thrown at [C:\workspace\8-2-build-windows-amd64-cygwin\jdk8u31\2394\hotspot\src\share\vm\prims\jvm.cpp, line 1312]
Event: 1.990 Thread 0x0000000002c02800 Exception <a 'java/security/PrivilegedActionException'> (0x00000000d6325f20) thrown at [C:\workspace\8-2-build-windows-amd64-cygwin\jdk8u31\2394\hotspot\src\share\vm\prims\jvm.cpp, line 1312]
Event: 1.990 Thread 0x0000000002c02800 Exception <a 'java/security/PrivilegedActionException'> (0x00000000d6326890) thrown at [C:\workspace\8-2-build-windows-amd64-cygwin\jdk8u31\2394\hotspot\src\share\vm\prims\jvm.cpp, line 1312]

Events (10 events):
Event: 1.918 Executing VM operation: ParallelGCFailedAllocation
Event: 1.923 Executing VM operation: ParallelGCFailedAllocation done
Event: 1.990 loading class org/sonatype/aether/collection/DependencyManagement
Event: 1.990 loading class org/sonatype/aether/collection/DependencyManagement done
Event: 2.201 Thread 0x0000000002c02800 DEOPT PACKING pc=0x00000000032d8fa4 sp=0x0000000002bfcab0
Event: 2.201 Thread 0x0000000002c02800 DEOPT UNPACKING pc=0x0000000002d475bf sp=0x0000000002bfc8c8 mode 0
Event: 2.201 Thread 0x0000000002c02800 DEOPT PACKING pc=0x00000000032d8fa4 sp=0x0000000002bfc7c0
Event: 2.201 Thread 0x0000000002c02800 DEOPT UNPACKING pc=0x0000000002d475bf sp=0x0000000002bfc5d8 mode 0
Event: 2.201 Thread 0x0000000002c02800 DEOPT PACKING pc=0x00000000032d8fa4 sp=0x0000000002bfc7d0
Event: 2.201 Thread 0x0000000002c02800 DEOPT UNPACKING pc=0x0000000002d475bf sp=0x0000000002bfc5e8 mode 0


Dynamic libraries:
0x00007ff6af4d0000 - 0x00007ff6af504000 	C:\Program Files\Java\jdk1.8.0_31\bin\java.exe
0x00007ffdc32d0000 - 0x00007ffdc34b1000 	C:\WINDOWS\SYSTEM32\ntdll.dll
0x00007ffdc3040000 - 0x00007ffdc30f2000 	C:\WINDOWS\System32\KERNEL32.DLL
0x00007ffdbfc00000 - 0x00007ffdbfe73000 	C:\WINDOWS\System32\KERNELBASE.dll
0x00007ffdc1810000 - 0x00007ffdc18b1000 	C:\WINDOWS\System32\ADVAPI32.dll
0x00007ffdc1590000 - 0x00007ffdc162e000 	C:\WINDOWS\System32\msvcrt.dll
0x00007ffdc16d0000 - 0x00007ffdc172b000 	C:\WINDOWS\System32\sechost.dll
0x00007ffdc1a60000 - 0x00007ffdc1b84000 	C:\WINDOWS\System32\RPCRT4.dll
0x00007ffdc0970000 - 0x00007ffdc0b00000 	C:\WINDOWS\System32\USER32.dll
0x00007ffdc0030000 - 0x00007ffdc0050000 	C:\WINDOWS\System32\win32u.dll
0x00007ffdc0780000 - 0x00007ffdc07a8000 	C:\WINDOWS\System32\GDI32.dll
0x00007ffdbf6a0000 - 0x00007ffdbf832000 	C:\WINDOWS\System32\gdi32full.dll
0x00007ffdbf910000 - 0x00007ffdbf9af000 	C:\WINDOWS\System32\msvcp_win.dll
0x00007ffdbff30000 - 0x00007ffdc002a000 	C:\WINDOWS\System32\ucrtbase.dll
0x00007ffdb20b0000 - 0x00007ffdb2319000 	C:\WINDOWS\WinSxS\amd64_microsoft.windows.common-controls_6595b64144ccf1df_6.0.17134.407_none_fb449d63306391e9\COMCTL32.dll
0x00007ffdc11b0000 - 0x00007ffdc14d2000 	C:\WINDOWS\System32\combase.dll
0x00007ffdbf890000 - 0x00007ffdbf90a000 	C:\WINDOWS\System32\bcryptPrimitives.dll
0x00007ffdc0bd0000 - 0x00007ffdc0bfd000 	C:\WINDOWS\System32\IMM32.DLL
0x000000005c1c0000 - 0x000000005c292000 	C:\Program Files\Java\jdk1.8.0_31\jre\bin\msvcr100.dll
0x000000005b960000 - 0x000000005c1ba000 	C:\Program Files\Java\jdk1.8.0_31\jre\bin\server\jvm.dll
0x00007ffdc1a40000 - 0x00007ffdc1a48000 	C:\WINDOWS\System32\PSAPI.DLL
0x00007ffdb94e0000 - 0x00007ffdb9503000 	C:\WINDOWS\SYSTEM32\WINMM.dll
0x00007ffdad580000 - 0x00007ffdad589000 	C:\WINDOWS\SYSTEM32\WSOCK32.dll
0x00007ffdc07b0000 - 0x00007ffdc081c000 	C:\WINDOWS\System32\WS2_32.dll
0x00007ffdb94b0000 - 0x00007ffdb94da000 	C:\WINDOWS\SYSTEM32\winmmbase.dll
0x00007ffdbf840000 - 0x00007ffdbf889000 	C:\WINDOWS\System32\cfgmgr32.dll
0x000000005b950000 - 0x000000005b95f000 	C:\Program Files\Java\jdk1.8.0_31\jre\bin\verify.dll
0x000000005b920000 - 0x000000005b948000 	C:\Program Files\Java\jdk1.8.0_31\jre\bin\java.dll
0x000000005b900000 - 0x000000005b916000 	C:\Program Files\Java\jdk1.8.0_31\jre\bin\zip.dll
0x00007ffdc1c00000 - 0x00007ffdc303f000 	C:\WINDOWS\System32\SHELL32.dll
0x00007ffdc14e0000 - 0x00007ffdc1589000 	C:\WINDOWS\System32\shcore.dll
0x00007ffdc0050000 - 0x00007ffdc075d000 	C:\WINDOWS\System32\windows.storage.dll
0x00007ffdc0910000 - 0x00007ffdc0961000 	C:\WINDOWS\System32\shlwapi.dll
0x00007ffdbf660000 - 0x00007ffdbf671000 	C:\WINDOWS\System32\kernel.appcore.dll
0x00007ffdbf630000 - 0x00007ffdbf64f000 	C:\WINDOWS\System32\profapi.dll
0x00007ffdbf5e0000 - 0x00007ffdbf62c000 	C:\WINDOWS\System32\powrprof.dll
0x00007ffdbf650000 - 0x00007ffdbf65a000 	C:\WINDOWS\System32\FLTLIB.DLL
0x000000005b8e0000 - 0x000000005b8fa000 	C:\Program Files\Java\jdk1.8.0_31\jre\bin\net.dll
0x00007ffdbee60000 - 0x00007ffdbeec6000 	C:\WINDOWS\system32\mswsock.dll
0x000000005b8c0000 - 0x000000005b8d1000 	C:\Program Files\Java\jdk1.8.0_31\jre\bin\nio.dll
0x00007ffdb1790000 - 0x00007ffdb1959000 	C:\WINDOWS\SYSTEM32\dbghelp.dll

VM Arguments:
jvm_args: -Djava.vendor=New Oracle -Dclassworlds.conf=C:\Program Files\NetBeans 8.2\java\maven\bin\m2.conf -Dmaven.home=C:\Program Files\NetBeans 8.2\java\maven 
java_command: org.codehaus.plexus.classworlds.launcher.Launcher -Dmaven.ext.class.path=C:\Program Files\NetBeans 8.2\java\maven-nblib\netbeans-eventspy.jar -Dfile.encoding=UTF-8 install
java_class_path (initial): C:\Program Files\NetBeans 8.2\java\maven\boot\plexus-classworlds-2.4.jar
Launcher Type: SUN_STANDARD

Environment Variables:
JAVA_HOME=C:\Program Files\Java\jdk1.8.0_31
JAVA_TOOL_OPTIONS=-Djava.vendor="New Oracle"
PATH=C:\Program Files (x86)\Common Files\Oracle\Java\javapath;C:\Program Files\Microsoft MPI\Bin\;C:\ProgramData\Oracle\Java\javapath;C:\Program Files (x86)\Intel\iCLS Client\;C:\Program Files\Intel\iCLS Client\;c:\DevSuiteHome_1\jdk\jre\bin\classic;c:\DevSuiteHome_1\jdk\jre\bin;c:\DevSuiteHome_1\jdk\jre\bin\client;c:\DevSuiteHome_1\jlib;c:\DevSuiteHome_1\bin;c:\DevSuiteHome_1\jre\1.4.2\bin\client;c:\DevSuiteHome_1\jre\1.4.2\bin;C:\WINDOWS\system32;C:\WINDOWS;C:\WINDOWS\System32\Wbem;C:\WINDOWS\System32\WindowsPowerShell\v1.0\;C:\Program Files\TortoiseSVN\bin;C:\Program Files (x86)\Intel\Intel(R) Management Engine Components\DAL;C:\Program Files\Intel\Intel(R) Management Engine Components\DAL;C:\Program Files (x86)\Intel\Intel(R) Management Engine Components\IPT;C:\Program Files\Intel\Intel(R) Management Engine Components\IPT;C:\Program Files\MATLAB\R2017b\bin;C:\apache-maven-3.5.0\bin;C:\Program Files\Java\jdk1.7.0_79\bin;;C:\WINDOWS\System32\OpenSSH\;C:\Users\jha\AppData\Local\Microsoft\WindowsApps;C:\Users\jha\AppData\Local\GitHubDesktop\bin
USERNAME=jhuidobro
OS=Windows_NT
PROCESSOR_IDENTIFIER=Intel64 Family 6 Model 94 Stepping 3, GenuineIntel



---------------  S Y S T E M  ---------------

OS: Windows 8.1 , 64 bit Build 9600 

CPU:total 8 (4 cores per cpu, 2 threads per core) family 6 model 94 stepping 3, cmov, cx8, fxsr, mmx, sse, sse2, sse3, ssse3, sse4.1, sse4.2, popcnt, avx, avx2, aes, clmul, erms, rtm, lzcnt, ht, tsc, tscinvbit, bmi1, bmi2

Memory: 4k page, physical 8282720k(926680k free), swap 16474720k(8036k free)

vm_info: Java HotSpot(TM) 64-Bit Server VM (25.31-b07) for windows-amd64 JRE (1.8.0_31-b13), built on Dec 17 2014 21:00:28 by "java_re" with MS VC++ 10.0 (VS2010)

time: Tue Nov 27 16:15:57 2018
elapsed time: 2 seconds (0d 0h 0m 2s)

