#
# There is insufficient memory for the Java Runtime Environment to continue.
# Native memory allocation (malloc) failed to allocate 2076576 bytes for Chunk::new
# Possible reasons:
#   The system is out of physical RAM or swap space
#   In 32 bit mode, the process size limit was hit
# Possible solutions:
#   Reduce memory load on the system
#   Increase physical memory or swap space
#   Check if swap backing store is full
#   Use 64 bit Java on a 64 bit OS
#   Decrease Java heap size (-Xmx/-Xms)
#   Decrease number of Java threads
#   Decrease Java thread stack sizes (-Xss)
#   Set larger code cache with -XX:ReservedCodeCacheSize=
# This output file may be truncated or incomplete.
#
#  Out of Memory Error (allocation.cpp:390), pid=20276, tid=18616
#
# JRE version: Java(TM) SE Runtime Environment (8.0_31-b13) (build 1.8.0_31-b13)
# Java VM: Java HotSpot(TM) 64-Bit Server VM (25.31-b07 mixed mode windows-amd64 compressed oops)
# Failed to write core dump. Minidumps are not enabled by default on client versions of Windows
#

---------------  T H R E A D  ---------------

Current thread (0x00000000199eb000):  JavaThread "C2 CompilerThread1" daemon [_thread_in_native, id=18616, stack(0x000000001a0c0000,0x000000001a1c0000)]

Stack: [0x000000001a0c0000,0x000000001a1c0000]
Native frames: (J=compiled Java code, j=interpreted, Vv=VM code, C=native code)
V  [jvm.dll+0x3169ba]
V  [jvm.dll+0x2674c3]
V  [jvm.dll+0x268103]
V  [jvm.dll+0x25f8f5]
V  [jvm.dll+0xbf025]
V  [jvm.dll+0xbf4cc]
V  [jvm.dll+0x45df82]
V  [jvm.dll+0x49f21f]
V  [jvm.dll+0x453401]
V  [jvm.dll+0x454124]
V  [jvm.dll+0x437c62]
V  [jvm.dll+0x988e2]
V  [jvm.dll+0x990d3]
V  [jvm.dll+0x22c194]
V  [jvm.dll+0x28576a]
C  [msvcr100.dll+0x21d9f]
C  [msvcr100.dll+0x21e3b]
C  [KERNEL32.DLL+0x13034]
C  [ntdll.dll+0x71471]


Current CompileTask:
C2:   3718 2942   !   4       java.net.URLClassLoader$1::run (73 bytes)


---------------  P R O C E S S  ---------------

Java Threads: ( => current thread )
  0x0000000019a91000 JavaThread "Service Thread" daemon [_thread_blocked, id=21800, stack(0x000000001a3c0000,0x000000001a4c0000)]
  0x00000000199f4000 JavaThread "C1 CompilerThread3" daemon [_thread_in_native, id=16604, stack(0x000000001a2c0000,0x000000001a3c0000)]
  0x00000000199ec800 JavaThread "C2 CompilerThread2" daemon [_thread_in_native, id=2964, stack(0x000000001a1c0000,0x000000001a2c0000)]
=>0x00000000199eb000 JavaThread "C2 CompilerThread1" daemon [_thread_in_native, id=18616, stack(0x000000001a0c0000,0x000000001a1c0000)]
  0x00000000199e8000 JavaThread "C2 CompilerThread0" daemon [_thread_in_native, id=15232, stack(0x0000000019fc0000,0x000000001a0c0000)]
  0x00000000199e7000 JavaThread "Attach Listener" daemon [_thread_blocked, id=14700, stack(0x0000000019ec0000,0x0000000019fc0000)]
  0x00000000199e6000 JavaThread "Signal Dispatcher" daemon [_thread_blocked, id=6288, stack(0x0000000019dc0000,0x0000000019ec0000)]
  0x0000000002a1a000 JavaThread "Finalizer" daemon [_thread_blocked, id=15256, stack(0x00000000198c0000,0x00000000199c0000)]
  0x00000000179bc000 JavaThread "Reference Handler" daemon [_thread_blocked, id=18248, stack(0x00000000197c0000,0x00000000198c0000)]
  0x0000000002922800 JavaThread "main" [_thread_in_native, id=14048, stack(0x0000000002720000,0x0000000002820000)]

Other Threads:
  0x00000000179b8000 VMThread [stack: 0x00000000196c0000,0x00000000197c0000] [id=9000]
  0x0000000019a92000 WatcherThread [stack: 0x000000001a4c0000,0x000000001a5c0000] [id=21352]

VM state:not at safepoint (normal execution)

VM Mutex/Monitor currently owned by a thread: None

Heap:
 PSYoungGen      total 138240K, used 32513K [0x00000000d5d80000, 0x00000000de980000, 0x0000000100000000)
  eden space 133120K, 20% used [0x00000000d5d80000,0x00000000d78484a0,0x00000000ddf80000)
  from space 5120K, 99% used [0x00000000de480000,0x00000000de978020,0x00000000de980000)
  to   space 5120K, 0% used [0x00000000ddf80000,0x00000000ddf80000,0x00000000de480000)
 ParOldGen       total 87552K, used 8122K [0x0000000081800000, 0x0000000086d80000, 0x00000000d5d80000)
  object space 87552K, 9% used [0x0000000081800000,0x0000000081feeab0,0x0000000086d80000)
 Metaspace       used 18457K, capacity 18900K, committed 19072K, reserved 1067008K
  class space    used 2213K, capacity 2356K, committed 2432K, reserved 1048576K

Card table byte_map: [0x0000000011de0000,0x00000000121e0000] byte_map_base: 0x00000000119d4000

Marking Bits: (ParMarkBitMap*) 0x000000005c13d4f0
 Begin Bits: [0x0000000012c90000, 0x0000000014c30000)
 End Bits:   [0x0000000014c30000, 0x0000000016bd0000)

Polling page: 0x0000000000a50000

CodeCache: size=245760Kb used=10591Kb max_used=10603Kb free=235168Kb
 bounds [0x0000000002a20000, 0x0000000003490000, 0x0000000011a20000]
 total_blobs=3364 nmethods=3014 adapters=263
 compilation: enabled

Compilation events (10 events):
Event: 3.630 Thread 0x00000000199f4000 2960   !   3       java.util.zip.ZipFile::close (223 bytes)
Event: 3.631 Thread 0x00000000199f4000 nmethod 2960 0x0000000003447290 code [0x0000000003447580, 0x0000000003448f88]
Event: 3.633 Thread 0x00000000199ec800 2961       4       java.nio.charset.CoderResult::isUnderflow (13 bytes)
Event: 3.633 Thread 0x00000000199ec800 nmethod 2961 0x000000000344cc90 code [0x000000000344cdc0, 0x000000000344ce38]
Event: 3.635 Thread 0x00000000199ec800 2962       4       java.util.concurrent.ConcurrentHashMap$Node::<init> (26 bytes)
Event: 3.635 Thread 0x00000000199f4000 2964   !   3       sun.misc.URLClassPath$JarLoader::getResource (85 bytes)
Event: 3.635 Thread 0x00000000199ec800 nmethod 2962 0x000000000344ce90 code [0x000000000344cfc0, 0x000000000344d058]
Event: 3.635 Thread 0x00000000199ec800 2963 % !   4       java.util.concurrent.ConcurrentHashMap::transfer @ 99 (832 bytes)
Event: 3.636 Thread 0x00000000199f4000 nmethod 2964 0x000000000344b510 code [0x000000000344b760, 0x000000000344c518]
Event: 3.645 Thread 0x00000000199ec800 nmethod 2963% 0x0000000003450990 code [0x0000000003450b00, 0x00000000034517a8]

GC Heap History (8 events):
Event: 0.597 GC heap before
{Heap before GC invocations=1 (full 0):
 PSYoungGen      total 38400K, used 33280K [0x00000000d5d80000, 0x00000000d8800000, 0x0000000100000000)
  eden space 33280K, 100% used [0x00000000d5d80000,0x00000000d7e00000,0x00000000d7e00000)
  from space 5120K, 0% used [0x00000000d8300000,0x00000000d8300000,0x00000000d8800000)
  to   space 5120K, 0% used [0x00000000d7e00000,0x00000000d7e00000,0x00000000d8300000)
 ParOldGen       total 87552K, used 0K [0x0000000081800000, 0x0000000086d80000, 0x00000000d5d80000)
  object space 87552K, 0% used [0x0000000081800000,0x0000000081800000,0x0000000086d80000)
 Metaspace       used 7708K, capacity 7844K, committed 7936K, reserved 1056768K
  class space    used 964K, capacity 1022K, committed 1024K, reserved 1048576K
Event: 0.605 GC heap after
Heap after GC invocations=1 (full 0):
 PSYoungGen      total 38400K, used 4570K [0x00000000d5d80000, 0x00000000da880000, 0x0000000100000000)
  eden space 33280K, 0% used [0x00000000d5d80000,0x00000000d5d80000,0x00000000d7e00000)
  from space 5120K, 89% used [0x00000000d7e00000,0x00000000d82769b0,0x00000000d8300000)
  to   space 5120K, 0% used [0x00000000da380000,0x00000000da380000,0x00000000da880000)
 ParOldGen       total 87552K, used 16K [0x0000000081800000, 0x0000000086d80000, 0x00000000d5d80000)
  object space 87552K, 0% used [0x0000000081800000,0x0000000081804000,0x0000000086d80000)
 Metaspace       used 7708K, capacity 7844K, committed 7936K, reserved 1056768K
  class space    used 964K, capacity 1022K, committed 1024K, reserved 1048576K
}
Event: 1.074 GC heap before
{Heap before GC invocations=2 (full 0):
 PSYoungGen      total 38400K, used 37850K [0x00000000d5d80000, 0x00000000da880000, 0x0000000100000000)
  eden space 33280K, 100% used [0x00000000d5d80000,0x00000000d7e00000,0x00000000d7e00000)
  from space 5120K, 89% used [0x00000000d7e00000,0x00000000d82769b0,0x00000000d8300000)
  to   space 5120K, 0% used [0x00000000da380000,0x00000000da380000,0x00000000da880000)
 ParOldGen       total 87552K, used 16K [0x0000000081800000, 0x0000000086d80000, 0x00000000d5d80000)
  object space 87552K, 0% used [0x0000000081800000,0x0000000081804000,0x0000000086d80000)
 Metaspace       used 12068K, capacity 12304K, committed 12672K, reserved 1060864K
  class space    used 1483K, capacity 1548K, committed 1664K, reserved 1048576K
Event: 1.085 GC heap after
Heap after GC invocations=2 (full 0):
 PSYoungGen      total 71680K, used 5105K [0x00000000d5d80000, 0x00000000da880000, 0x0000000100000000)
  eden space 66560K, 0% used [0x00000000d5d80000,0x00000000d5d80000,0x00000000d9e80000)
  from space 5120K, 99% used [0x00000000da380000,0x00000000da87c528,0x00000000da880000)
  to   space 5120K, 0% used [0x00000000d9e80000,0x00000000d9e80000,0x00000000da380000)
 ParOldGen       total 87552K, used 1755K [0x0000000081800000, 0x0000000086d80000, 0x00000000d5d80000)
  object space 87552K, 2% used [0x0000000081800000,0x00000000819b6d20,0x0000000086d80000)
 Metaspace       used 12068K, capacity 12304K, committed 12672K, reserved 1060864K
  class space    used 1483K, capacity 1548K, committed 1664K, reserved 1048576K
}
Event: 1.888 GC heap before
{Heap before GC invocations=3 (full 0):
 PSYoungGen      total 71680K, used 71665K [0x00000000d5d80000, 0x00000000da880000, 0x0000000100000000)
  eden space 66560K, 100% used [0x00000000d5d80000,0x00000000d9e80000,0x00000000d9e80000)
  from space 5120K, 99% used [0x00000000da380000,0x00000000da87c528,0x00000000da880000)
  to   space 5120K, 0% used [0x00000000d9e80000,0x00000000d9e80000,0x00000000da380000)
 ParOldGen       total 87552K, used 1755K [0x0000000081800000, 0x0000000086d80000, 0x00000000d5d80000)
  object space 87552K, 2% used [0x0000000081800000,0x00000000819b6d20,0x0000000086d80000)
 Metaspace       used 12906K, capacity 13140K, committed 13440K, reserved 1060864K
  class space    used 1534K, capacity 1586K, committed 1664K, reserved 1048576K
Event: 1.895 GC heap after
Heap after GC invocations=3 (full 0):
 PSYoungGen      total 71680K, used 5104K [0x00000000d5d80000, 0x00000000de980000, 0x0000000100000000)
  eden space 66560K, 0% used [0x00000000d5d80000,0x00000000d5d80000,0x00000000d9e80000)
  from space 5120K, 99% used [0x00000000d9e80000,0x00000000da37c010,0x00000000da380000)
  to   space 5120K, 0% used [0x00000000de480000,0x00000000de480000,0x00000000de980000)
 ParOldGen       total 87552K, used 4137K [0x0000000081800000, 0x0000000086d80000, 0x00000000d5d80000)
  object space 87552K, 4% used [0x0000000081800000,0x0000000081c0a738,0x0000000086d80000)
 Metaspace       used 12906K, capacity 13140K, committed 13440K, reserved 1060864K
  class space    used 1534K, capacity 1586K, committed 1664K, reserved 1048576K
}
Event: 3.136 GC heap before
{Heap before GC invocations=4 (full 0):
 PSYoungGen      total 71680K, used 71664K [0x00000000d5d80000, 0x00000000de980000, 0x0000000100000000)
  eden space 66560K, 100% used [0x00000000d5d80000,0x00000000d9e80000,0x00000000d9e80000)
  from space 5120K, 99% used [0x00000000d9e80000,0x00000000da37c010,0x00000000da380000)
  to   space 5120K, 0% used [0x00000000de480000,0x00000000de480000,0x00000000de980000)
 ParOldGen       total 87552K, used 4137K [0x0000000081800000, 0x0000000086d80000, 0x00000000d5d80000)
  object space 87552K, 4% used [0x0000000081800000,0x0000000081c0a738,0x0000000086d80000)
 Metaspace       used 14111K, capacity 14448K, committed 14592K, reserved 1062912K
  class space    used 1656K, capacity 1764K, committed 1792K, reserved 1048576K
Event: 3.145 GC heap after
Heap after GC invocations=4 (full 0):
 PSYoungGen      total 138240K, used 5088K [0x00000000d5d80000, 0x00000000de980000, 0x0000000100000000)
  eden space 133120K, 0% used [0x00000000d5d80000,0x00000000d5d80000,0x00000000ddf80000)
  from space 5120K, 99% used [0x00000000de480000,0x00000000de978020,0x00000000de980000)
  to   space 5120K, 0% used [0x00000000ddf80000,0x00000000ddf80000,0x00000000de480000)
 ParOldGen       total 87552K, used 8122K [0x0000000081800000, 0x0000000086d80000, 0x00000000d5d80000)
  object space 87552K, 9% used [0x0000000081800000,0x0000000081feeab0,0x0000000086d80000)
 Metaspace       used 14111K, capacity 14448K, committed 14592K, reserved 1062912K
  class space    used 1656K, capacity 1764K, committed 1792K, reserved 1048576K
}

Deoptimization events (10 events):
Event: 1.278 Thread 0x0000000002922800 Uncommon trap: reason=speculate_class_check action=maybe_recompile pc=0x0000000002ef13c8 method=java.nio.charset.CharsetDecoder.decode(Ljava/nio/ByteBuffer;Ljava/nio/CharBuffer;Z)Ljava/nio/charset/CoderResult; @ 57
Event: 1.375 Thread 0x0000000002922800 Uncommon trap: reason=unreached action=reinterpret pc=0x0000000002dd471c method=java.util.HashMap.hash(Ljava/lang/Object;)I @ 1
Event: 1.403 Thread 0x0000000002922800 Uncommon trap: reason=class_check action=maybe_recompile pc=0x0000000002d99a6c method=java.util.HashMap.putVal(ILjava/lang/Object;Ljava/lang/Object;ZZ)Ljava/lang/Object; @ 203
Event: 1.568 Thread 0x0000000002922800 Uncommon trap: reason=bimorphic action=maybe_recompile pc=0x0000000002e995d4 method=java.util.concurrent.ConcurrentHashMap.get(Ljava/lang/Object;)Ljava/lang/Object; @ 149
Event: 1.584 Thread 0x0000000002922800 Uncommon trap: reason=bimorphic action=maybe_recompile pc=0x0000000002e995d4 method=java.util.concurrent.ConcurrentHashMap.get(Ljava/lang/Object;)Ljava/lang/Object; @ 149
Event: 1.587 Thread 0x0000000002922800 Uncommon trap: reason=bimorphic action=maybe_recompile pc=0x0000000002e995d4 method=java.util.concurrent.ConcurrentHashMap.get(Ljava/lang/Object;)Ljava/lang/Object; @ 149
Event: 1.598 Thread 0x0000000002922800 Uncommon trap: reason=bimorphic action=maybe_recompile pc=0x0000000002e995d4 method=java.util.concurrent.ConcurrentHashMap.get(Ljava/lang/Object;)Ljava/lang/Object; @ 149
Event: 1.897 Thread 0x0000000002922800 Uncommon trap: reason=unreached action=reinterpret pc=0x000000000304991c method=java.lang.ref.ReferenceQueue.poll()Ljava/lang/ref/Reference; @ 4
Event: 3.612 Thread 0x0000000002922800 Uncommon trap: reason=class_check action=maybe_recompile pc=0x0000000002be5578 method=sun.misc.URLClassPath.getLoader(I)Lsun/misc/URLClassPath$Loader; @ 94
Event: 3.623 Thread 0x0000000002922800 Uncommon trap: reason=unreached action=reinterpret pc=0x0000000002beadc8 method=sun.misc.URLClassPath$JarLoader.getResource(Ljava/lang/String;Z)Lsun/misc/Resource; @ 62

Internal exceptions (10 events):
Event: 3.644 Thread 0x0000000002922800 Exception <a 'java/security/PrivilegedActionException'> (0x00000000d7719650) thrown at [C:\workspace\8-2-build-windows-amd64-cygwin\jdk8u31\2394\hotspot\src\share\vm\prims\jvm.cpp, line 1312]
Event: 3.644 Thread 0x0000000002922800 Exception <a 'java/security/PrivilegedActionException'> (0x00000000d7719f48) thrown at [C:\workspace\8-2-build-windows-amd64-cygwin\jdk8u31\2394\hotspot\src\share\vm\prims\jvm.cpp, line 1312]
Event: 3.645 Thread 0x0000000002922800 Exception <a 'java/security/PrivilegedActionException'> (0x00000000d771c528) thrown at [C:\workspace\8-2-build-windows-amd64-cygwin\jdk8u31\2394\hotspot\src\share\vm\prims\jvm.cpp, line 1312]
Event: 3.645 Thread 0x0000000002922800 Exception <a 'java/security/PrivilegedActionException'> (0x00000000d771cea8) thrown at [C:\workspace\8-2-build-windows-amd64-cygwin\jdk8u31\2394\hotspot\src\share\vm\prims\jvm.cpp, line 1312]
Event: 3.645 Thread 0x0000000002922800 Exception <a 'java/security/PrivilegedActionException'> (0x00000000d771f9e0) thrown at [C:\workspace\8-2-build-windows-amd64-cygwin\jdk8u31\2394\hotspot\src\share\vm\prims\jvm.cpp, line 1312]
Event: 3.645 Thread 0x0000000002922800 Exception <a 'java/security/PrivilegedActionException'> (0x00000000d7720380) thrown at [C:\workspace\8-2-build-windows-amd64-cygwin\jdk8u31\2394\hotspot\src\share\vm\prims\jvm.cpp, line 1312]
Event: 3.646 Thread 0x0000000002922800 Exception <a 'java/security/PrivilegedActionException'> (0x00000000d7724270) thrown at [C:\workspace\8-2-build-windows-amd64-cygwin\jdk8u31\2394\hotspot\src\share\vm\prims\jvm.cpp, line 1312]
Event: 3.646 Thread 0x0000000002922800 Exception <a 'java/security/PrivilegedActionException'> (0x00000000d7724bf0) thrown at [C:\workspace\8-2-build-windows-amd64-cygwin\jdk8u31\2394\hotspot\src\share\vm\prims\jvm.cpp, line 1312]
Event: 3.646 Thread 0x0000000002922800 Exception <a 'java/security/PrivilegedActionException'> (0x00000000d7727a08) thrown at [C:\workspace\8-2-build-windows-amd64-cygwin\jdk8u31\2394\hotspot\src\share\vm\prims\jvm.cpp, line 1312]
Event: 3.646 Thread 0x0000000002922800 Exception <a 'java/security/PrivilegedActionException'> (0x00000000d7728388) thrown at [C:\workspace\8-2-build-windows-amd64-cygwin\jdk8u31\2394\hotspot\src\share\vm\prims\jvm.cpp, line 1312]

Events (10 events):
Event: 3.644 loading class com/sun/tools/javac/parser/JavacParser$1
Event: 3.644 loading class com/sun/tools/javac/parser/JavacParser$1 done
Event: 3.645 loading class com/sun/tools/javac/parser/Tokens$Comment$CommentStyle
Event: 3.645 loading class com/sun/tools/javac/parser/Tokens$Comment$CommentStyle done
Event: 3.645 loading class com/sun/tools/javac/parser/JavadocTokenizer$JavadocComment
Event: 3.645 loading class com/sun/tools/javac/parser/JavadocTokenizer$JavadocComment done
Event: 3.646 loading class com/sun/tools/javac/parser/JavaTokenizer$BasicComment
Event: 3.646 loading class com/sun/tools/javac/parser/JavaTokenizer$BasicComment done
Event: 3.646 loading class com/sun/tools/javac/parser/JavadocTokenizer$DocReader
Event: 3.646 loading class com/sun/tools/javac/parser/JavadocTokenizer$DocReader done


Dynamic libraries:
0x00007ff6af4d0000 - 0x00007ff6af504000 	C:\Program Files\Java\jdk1.8.0_31\bin\java.exe
0x00007ffdc32d0000 - 0x00007ffdc34b1000 	C:\WINDOWS\SYSTEM32\ntdll.dll
0x00007ffdc3040000 - 0x00007ffdc30f2000 	C:\WINDOWS\System32\KERNEL32.DLL
0x00007ffdbfc00000 - 0x00007ffdbfe73000 	C:\WINDOWS\System32\KERNELBASE.dll
0x00007ffdc1810000 - 0x00007ffdc18b1000 	C:\WINDOWS\System32\ADVAPI32.dll
0x00007ffdc1590000 - 0x00007ffdc162e000 	C:\WINDOWS\System32\msvcrt.dll
0x00007ffdc16d0000 - 0x00007ffdc172b000 	C:\WINDOWS\System32\sechost.dll
0x00007ffdc1a60000 - 0x00007ffdc1b84000 	C:\WINDOWS\System32\RPCRT4.dll
0x00007ffdc0970000 - 0x00007ffdc0b00000 	C:\WINDOWS\System32\USER32.dll
0x00007ffdc0030000 - 0x00007ffdc0050000 	C:\WINDOWS\System32\win32u.dll
0x00007ffdc0780000 - 0x00007ffdc07a8000 	C:\WINDOWS\System32\GDI32.dll
0x00007ffdbf6a0000 - 0x00007ffdbf832000 	C:\WINDOWS\System32\gdi32full.dll
0x00007ffdbf910000 - 0x00007ffdbf9af000 	C:\WINDOWS\System32\msvcp_win.dll
0x00007ffdbff30000 - 0x00007ffdc002a000 	C:\WINDOWS\System32\ucrtbase.dll
0x00007ffdb20b0000 - 0x00007ffdb2319000 	C:\WINDOWS\WinSxS\amd64_microsoft.windows.common-controls_6595b64144ccf1df_6.0.17134.407_none_fb449d63306391e9\COMCTL32.dll
0x00007ffdc11b0000 - 0x00007ffdc14d2000 	C:\WINDOWS\System32\combase.dll
0x00007ffdbf890000 - 0x00007ffdbf90a000 	C:\WINDOWS\System32\bcryptPrimitives.dll
0x00007ffdc0bd0000 - 0x00007ffdc0bfd000 	C:\WINDOWS\System32\IMM32.DLL
0x000000005c1c0000 - 0x000000005c292000 	C:\Program Files\Java\jdk1.8.0_31\jre\bin\msvcr100.dll
0x000000005b960000 - 0x000000005c1ba000 	C:\Program Files\Java\jdk1.8.0_31\jre\bin\server\jvm.dll
0x00007ffdc1a40000 - 0x00007ffdc1a48000 	C:\WINDOWS\System32\PSAPI.DLL
0x00007ffdad580000 - 0x00007ffdad589000 	C:\WINDOWS\SYSTEM32\WSOCK32.dll
0x00007ffdb94e0000 - 0x00007ffdb9503000 	C:\WINDOWS\SYSTEM32\WINMM.dll
0x00007ffdc07b0000 - 0x00007ffdc081c000 	C:\WINDOWS\System32\WS2_32.dll
0x00007ffdb94b0000 - 0x00007ffdb94da000 	C:\WINDOWS\SYSTEM32\winmmbase.dll
0x00007ffdbf840000 - 0x00007ffdbf889000 	C:\WINDOWS\System32\cfgmgr32.dll
0x000000005b950000 - 0x000000005b95f000 	C:\Program Files\Java\jdk1.8.0_31\jre\bin\verify.dll
0x000000005b920000 - 0x000000005b948000 	C:\Program Files\Java\jdk1.8.0_31\jre\bin\java.dll
0x000000005b900000 - 0x000000005b916000 	C:\Program Files\Java\jdk1.8.0_31\jre\bin\zip.dll
0x00007ffdc1c00000 - 0x00007ffdc303f000 	C:\WINDOWS\System32\SHELL32.dll
0x00007ffdc14e0000 - 0x00007ffdc1589000 	C:\WINDOWS\System32\shcore.dll
0x00007ffdc0050000 - 0x00007ffdc075d000 	C:\WINDOWS\System32\windows.storage.dll
0x00007ffdc0910000 - 0x00007ffdc0961000 	C:\WINDOWS\System32\shlwapi.dll
0x00007ffdbf660000 - 0x00007ffdbf671000 	C:\WINDOWS\System32\kernel.appcore.dll
0x00007ffdbf630000 - 0x00007ffdbf64f000 	C:\WINDOWS\System32\profapi.dll
0x00007ffdbf5e0000 - 0x00007ffdbf62c000 	C:\WINDOWS\System32\powrprof.dll
0x00007ffdbf650000 - 0x00007ffdbf65a000 	C:\WINDOWS\System32\FLTLIB.DLL
0x000000005b8e0000 - 0x000000005b8fa000 	C:\Program Files\Java\jdk1.8.0_31\jre\bin\net.dll
0x00007ffdbee60000 - 0x00007ffdbeec6000 	C:\WINDOWS\system32\mswsock.dll
0x000000005b8c0000 - 0x000000005b8d1000 	C:\Program Files\Java\jdk1.8.0_31\jre\bin\nio.dll
0x00007ffdb1790000 - 0x00007ffdb1959000 	C:\WINDOWS\SYSTEM32\dbghelp.dll

VM Arguments:
jvm_args: -Djava.vendor=New Oracle -Dclassworlds.conf=C:\Program Files\NetBeans 8.2\java\maven\bin\m2.conf -Dmaven.home=C:\Program Files\NetBeans 8.2\java\maven 
java_command: org.codehaus.plexus.classworlds.launcher.Launcher -Dmaven.ext.class.path=C:\Program Files\NetBeans 8.2\java\maven-nblib\netbeans-eventspy.jar -Dfile.encoding=UTF-8 install
java_class_path (initial): C:\Program Files\NetBeans 8.2\java\maven\boot\plexus-classworlds-2.4.jar
Launcher Type: SUN_STANDARD

Environment Variables:
JAVA_HOME=C:\Program Files\Java\jdk1.8.0_31
JAVA_TOOL_OPTIONS=-Djava.vendor="New Oracle"
PATH=C:\Program Files (x86)\Common Files\Oracle\Java\javapath;C:\Program Files\Microsoft MPI\Bin\;C:\ProgramData\Oracle\Java\javapath;C:\Program Files (x86)\Intel\iCLS Client\;C:\Program Files\Intel\iCLS Client\;c:\DevSuiteHome_1\jdk\jre\bin\classic;c:\DevSuiteHome_1\jdk\jre\bin;c:\DevSuiteHome_1\jdk\jre\bin\client;c:\DevSuiteHome_1\jlib;c:\DevSuiteHome_1\bin;c:\DevSuiteHome_1\jre\1.4.2\bin\client;c:\DevSuiteHome_1\jre\1.4.2\bin;C:\WINDOWS\system32;C:\WINDOWS;C:\WINDOWS\System32\Wbem;C:\WINDOWS\System32\WindowsPowerShell\v1.0\;C:\Program Files\TortoiseSVN\bin;C:\Program Files (x86)\Intel\Intel(R) Management Engine Components\DAL;C:\Program Files\Intel\Intel(R) Management Engine Components\DAL;C:\Program Files (x86)\Intel\Intel(R) Management Engine Components\IPT;C:\Program Files\Intel\Intel(R) Management Engine Components\IPT;C:\Program Files\MATLAB\R2017b\bin;C:\apache-maven-3.5.0\bin;C:\Program Files\Java\jdk1.7.0_79\bin;;C:\WINDOWS\System32\OpenSSH\;C:\Users\jha\AppData\Local\Microsoft\WindowsApps;C:\Users\jha\AppData\Local\GitHubDesktop\bin
USERNAME=jhuidobro
OS=Windows_NT
PROCESSOR_IDENTIFIER=Intel64 Family 6 Model 94 Stepping 3, GenuineIntel



---------------  S Y S T E M  ---------------

OS: Windows 8.1 , 64 bit Build 9600 

CPU:total 8 (4 cores per cpu, 2 threads per core) family 6 model 94 stepping 3, cmov, cx8, fxsr, mmx, sse, sse2, sse3, ssse3, sse4.1, sse4.2, popcnt, avx, avx2, aes, clmul, erms, rtm, lzcnt, ht, tsc, tscinvbit, bmi1, bmi2

Memory: 4k page, physical 8282720k(903904k free), swap 16474720k(5140k free)

vm_info: Java HotSpot(TM) 64-Bit Server VM (25.31-b07) for windows-amd64 JRE (1.8.0_31-b13), built on Dec 17 2014 21:00:28 by "java_re" with MS VC++ 10.0 (VS2010)

time: Tue Nov 27 16:13:04 2018
elapsed time: 3 seconds (0d 0h 0m 3s)

